global_async	1	407680
global_async	2	725181
global_async	4	1106942
global_async	6	1453993
global_async	8	1692358
global_async	10	1869107
global_async	12	1972315
global_async	14	2011930
global_async	16	2090676
global_async	18	2142587
global_async	20	2260387
global_async	22	2204396
global_async	24	2299488
global_async	26	2381588
global_async	28	2305009
global_async	30	2247226
global_async	32	2268528
global_async	34	2276077
global_async	36	2361015
global_async	38	2343437
global_async	40	2315207
global_async	42	2277715
global_async	44	2275381
global_async	46	2292804
global_async	48	2354668
