global_async	1	4819872
global_async	2	9119210
global_async	4	18953511
global_async	6	23605053
global_async	8	34829488
global_async	10	42906882
global_async	12	55113254
global_async	14	54278010
global_async	16	69145050
global_async	18	76915226
global_async	20	90949241
global_async	22	81910479
global_async	24	100822484
global_async	26	107836657
global_async	28	124374903
global_async	30	110811002
global_async	32	130920756
global_async	34	136342166
global_async	36	149784797
global_async	38	139406923
global_async	40	161214719
global_async	42	166935305
global_async	44	184905647
global_async	46	165604420
global_async	48	176083882
